<?xml version="1.0" encoding="UTF-8"?>
<!-- Generated by org.testng.reporters.JUnitReportReporter -->
<testsuite skipped="0" hostname="LAPTOP-U6N7CFLI" name="Alpha.basics4" tests="2" failures="0" timestamp="06 May 2017 06:56:20 GMT" time="4.707" errors="0">
  <testcase name="postData" time="0.676" classname="Alpha.basics4"/>
  <testcase name="getData" time="4.031" classname="Alpha.basics4"/>
</testsuite> <!-- Alpha.basics4 -->
