<?xml version="1.0" encoding="UTF-8"?>
<!-- Generated by org.testng.reporters.JUnitReportReporter -->
<testsuite skipped="0" hostname="LAPTOP-U6N7CFLI" name="Alpha.basics3" tests="1" failures="0" timestamp="06 May 2017 06:45:26 GMT" time="5.598" errors="0">
  <testcase name="deleteData" time="5.598" classname="Alpha.basics3"/>
</testsuite> <!-- Alpha.basics3 -->
