<?xml version="1.0" encoding="UTF-8"?>
<!-- Generated by org.testng.reporters.JUnitReportReporter -->
<testsuite skipped="0" hostname="LAPTOP-U6N7CFLI" name="Alpha.basics2" tests="1" failures="0" timestamp="05 May 2017 21:05:14 GMT" time="5.263" errors="0">
  <testcase name="postData" time="5.263" classname="Alpha.basics2"/>
</testsuite> <!-- Alpha.basics2 -->
