<?xml version="1.0" encoding="UTF-8"?>
<!-- Generated by org.testng.reporters.JUnitReportReporter -->
<testsuite skipped="0" hostname="LAPTOP-U6N7CFLI" name="Alpha.getPostDeleteOptimized" tests="2" failures="0" timestamp="06 May 2017 12:19:12 GMT" time="5.127" errors="0">
  <testcase name="getData" time="4.063" classname="Alpha.getPostDeleteOptimized"/>
  <testcase name="postData" time="1.064" classname="Alpha.getPostDeleteOptimized"/>
</testsuite> <!-- Alpha.getPostDeleteOptimized -->
