<?xml version="1.0" encoding="UTF-8"?>
<!-- Generated by org.testng.reporters.JUnitReportReporter -->
<testsuite skipped="0" hostname="LAPTOP-U6N7CFLI" name="Alpha.getPostDeleteOptimizedJSON" tests="2" failures="0" timestamp="07 May 2017 06:37:36 GMT" time="9.879" errors="0">
  <testcase name="getData" time="8.496" classname="Alpha.getPostDeleteOptimizedJSON"/>
  <testcase name="postData" time="1.383" classname="Alpha.getPostDeleteOptimizedJSON"/>
</testsuite> <!-- Alpha.getPostDeleteOptimizedJSON -->
