<?xml version="1.0" encoding="UTF-8"?>
<!-- Generated by org.testng.reporters.JUnitReportReporter -->
<testsuite skipped="0" hostname="LAPTOP-U6N7CFLI" name="Alpha.basics5" tests="1" failures="0" timestamp="07 May 2017 06:40:44 GMT" time="8.442" errors="0">
  <testcase name="getData" time="8.442" classname="Alpha.basics5"/>
</testsuite> <!-- Alpha.basics5 -->
