<?xml version="1.0" encoding="UTF-8"?>
<!-- Generated by org.testng.reporters.JUnitReportReporter -->
<testsuite skipped="0" hostname="LAPTOP-U6N7CFLI" name="Alpha.basics" tests="1" failures="0" timestamp="06 May 2017 21:26:48 GMT" time="4.366" errors="0">
  <testcase name="getData" time="4.366" classname="Alpha.basics"/>
</testsuite> <!-- Alpha.basics -->
