<?xml version="1.0" encoding="UTF-8"?>
<!-- Generated by org.testng.reporters.JUnitReportReporter -->
<testsuite skipped="0" hostname="LAPTOP-U6N7CFLI" name="Alpha.getPostDeleteOptimizedXML" tests="2" failures="0" timestamp="06 May 2017 15:59:19 GMT" time="4.622" errors="0">
  <testcase name="postData" time="1.179" classname="Alpha.getPostDeleteOptimizedXML"/>
  <testcase name="getData" time="3.443" classname="Alpha.getPostDeleteOptimizedXML"/>
</testsuite> <!-- Alpha.getPostDeleteOptimizedXML -->
